<?xml version="1.0" encoding="UTF-8"?>
<!-- Generated by org.testng.reporters.JUnitReportReporter -->
<testsuite hostname="DellRajesh" failures="0" tests="1" name="pack01.AlertsDemo01" time="11.657" errors="0" timestamp="2022-04-07T16:00:13 IST" skipped="0">
  <testcase classname="pack01.AlertsDemo01" name="acceptAlert" time="11.657"/>
  <system-out/>
</testsuite> <!-- pack01.AlertsDemo01 -->
